[2024-08-09 01:00:25] [26] [WARN] Reporting disabled: using no op test run registrar
[2024-08-09 01:00:25] [26] [INFO] TEST [User API tests - testGetEmployee] STARTED at [22:00:25 2024-08-08]
[2024-08-09 01:00:27] [26] [INFO] Request method:	GET
Request URI:	https://dummy.restapiexample.com/api/v1/employee/1
Request params:	<none>
Query params:	<none>
Form params:	<none>
Path params:	<none>
Multiparts:		<none>
Cookies:		<none>
Headers:		Accept=*/*
				Content-Type=application/json; charset=UTF-8
Body:			<none>
HTTP/1.1 200 OK
Date: Fri, 09 Aug 2024 01:00:27 GMT
Server: nginx/1.21.6
Content-Type: application/json
Content-Length: 152
Cache-Control: no-cache, private
X-RateLimit-Limit: 60
X-RateLimit-Remaining: 58
Cache-Control: max-age=86400
Expires: Sat, 10 Aug 2024 01:00:27 GMT
Vary: Accept-Encoding
Content-Encoding: gzip
X-Endurance-Cache-Level: 2
X-nginx-cache: WordPress
X-Server-Cache: true
X-Proxy-Cache: MISS

{
    "status": "success",
    "data": {
        "id": 1,
        "employee_name": "Tiger Nixon",
        "employee_salary": 320800,
        "employee_age": 61,
        "profile_image": ""
    },
    "message": "Successfully! Record has been fetched."
}

[2024-08-09 01:00:27] [26] [INFO] JSON schema of version below or equal to draft-04 was detected
[2024-08-09 01:00:27] [26] [ERROR] TEST [User API tests - testGetEmployee] FAILED at [22:00:27 2024-08-08] - Validation against Json schema failed: 
[/data]: instance type (object) does not match any allowed primitive type (allowed: ["array"])


com.zebrunner.carina.api.apitools.validation.JsonValidator.validateJsonAgainstSchemaV3V4(JsonValidator.java:121)
com.zebrunner.carina.api.apitools.validation.JsonValidator.validateJsonAgainstSchema(JsonValidator.java:67)
com.zebrunner.carina.api.AbstractApiMethodV2.validateResponseAgainstSchema(AbstractApiMethodV2.java:388)
com.solvd.carina.demo.APISampleTest.testGetEmployee(APISampleTest.java:104)
java.base/jdk.internal.reflect.NativeMethodAccessorImpl.invoke0(Native Method)
java.base/jdk.internal.reflect.NativeMethodAccessorImpl.invoke(NativeMethodAccessorImpl.java:62)
java.base/jdk.internal.reflect.DelegatingMethodAccessorImpl.invoke(DelegatingMethodAccessorImpl.java:43)
java.base/java.lang.reflect.Method.invoke(Method.java:566)
org.testng.internal.invokers.MethodInvocationHelper.invokeMethod(MethodInvocationHelper.java:139)
org.testng.internal.invokers.TestInvoker.invokeMethod(TestInvoker.java:677)
org.testng.internal.invokers.TestInvoker.invokeTestMethod(TestInvoker.java:221)
org.testng.internal.invokers.MethodRunner.runInSequence(MethodRunner.java:50)
org.testng.internal.invokers.TestInvoker$MethodInvocationAgent.invoke(TestInvoker.java:969)
org.testng.internal.invokers.TestInvoker.invokeTestMethods(TestInvoker.java:194)
org.testng.internal.invokers.TestMethodWorker.invokeTestMethods(TestMethodWorker.java:148)
org.testng.internal.invokers.TestMethodWorker.run(TestMethodWorker.java:128)
java.base/java.util.concurrent.ThreadPoolExecutor.runWorker(ThreadPoolExecutor.java:1128)
java.base/java.util.concurrent.ThreadPoolExecutor$Worker.run(ThreadPoolExecutor.java:628)
java.base/java.lang.Thread.run(Thread.java:829)
